<?xml version="1.0" encoding="UTF-8"?>
<!-- Generated by org.testng.reporters.JUnitXMLReporter -->
<testsuite hostname="USBLRHLAKSHMAN4" name="Test" tests="1" failures="1" timestamp="8 Jun 2020 11:39:09 GMT" time="2.798" errors="0">
  <testcase name="democomparingSrcTarget" time="2.777" classname="dataValidation.TestClass.ValidationTest">
    <failure type="java.lang.AssertionError" message="The following asserts failed:
">
      <![CDATA[java.lang.AssertionError: The following asserts failed:

	at com.dataValidation.asserationHandler.AssertationHandler.assertAll(AssertationHandler.java:15)
	at dataValidation.TestClass.ValidationTest.democomparingSrcTarget(ValidationTest.java:145)
... Removed 25 stack frames]]>
    </failure>
  </testcase> <!-- democomparingSrcTarget -->
</testsuite> <!-- Test -->
